2019-07-24 00:54:27 | [34mINFO [0;39m | [1;33mrestartedMain[0;39m | [1;32mcom.xq.Demo1Application[0;39m | Starting Demo1Application on zhangyuexu with PID 961 (/Users/xueqiu/Documents/AlertMonitorSystem/target/classes started by xueqiu in /Users/xueqiu/Documents/AlertMonitorSystem)
2019-07-24 00:54:27 | [34mINFO [0;39m | [1;33mrestartedMain[0;39m | [1;32mcom.xq.Demo1Application[0;39m | The following profiles are active: myapplication.yaml
2019-07-24 00:54:27 | [34mINFO [0;39m | [1;33mrestartedMain[0;39m | [1;32morg.springframework.boot.devtools.env.DevToolsPropertyDefaultsPostProcessor[0;39m | Devtools property defaults active! Set 'spring.devtools.add-properties' to 'false' to disable
2019-07-24 00:54:27 | [34mINFO [0;39m | [1;33mrestartedMain[0;39m | [1;32morg.springframework.boot.devtools.env.DevToolsPropertyDefaultsPostProcessor[0;39m | For additional web related logging consider setting the 'logging.level.web' property to 'DEBUG'
2019-07-24 00:54:29 | [34mINFO [0;39m | [1;33mrestartedMain[0;39m | [1;32morg.springframework.data.repository.config.RepositoryConfigurationDelegate[0;39m | Multiple Spring Data modules found, entering strict repository configuration mode!
2019-07-24 00:54:29 | [34mINFO [0;39m | [1;33mrestartedMain[0;39m | [1;32morg.springframework.data.repository.config.RepositoryConfigurationDelegate[0;39m | Bootstrapping Spring Data repositories in DEFAULT mode.
2019-07-24 00:54:29 | [34mINFO [0;39m | [1;33mrestartedMain[0;39m | [1;32morg.springframework.data.repository.config.RepositoryConfigurationDelegate[0;39m | Finished Spring Data repository scanning in 28ms. Found 0 repository interfaces.
2019-07-24 00:54:30 | [34mINFO [0;39m | [1;33mrestartedMain[0;39m | [1;32morg.springframework.context.support.PostProcessorRegistrationDelegate$BeanPostProcessorChecker[0;39m | Bean 'redisConfig' of type [com.xq.util.redis.RedisConfig$$EnhancerBySpringCGLIB$$66565f60] is not eligible for getting processed by all BeanPostProcessors (for example: not eligible for auto-proxying)
2019-07-24 00:54:30 | [34mINFO [0;39m | [1;33mrestartedMain[0;39m | [1;32morg.springframework.context.support.PostProcessorRegistrationDelegate$BeanPostProcessorChecker[0;39m | Bean 'org.springframework.transaction.annotation.ProxyTransactionManagementConfiguration' of type [org.springframework.transaction.annotation.ProxyTransactionManagementConfiguration$$EnhancerBySpringCGLIB$$e179a335] is not eligible for getting processed by all BeanPostProcessors (for example: not eligible for auto-proxying)
2019-07-24 00:54:30 | [34mINFO [0;39m | [1;33mrestartedMain[0;39m | [1;32morg.springframework.boot.web.embedded.tomcat.TomcatWebServer[0;39m | Tomcat initialized with port(s): 8888 (http)
2019-07-24 00:54:31 | [34mINFO [0;39m | [1;33mrestartedMain[0;39m | [1;32morg.apache.coyote.http11.Http11NioProtocol[0;39m | Initializing ProtocolHandler ["http-nio-8888"]
2019-07-24 00:54:31 | [34mINFO [0;39m | [1;33mrestartedMain[0;39m | [1;32morg.apache.catalina.core.StandardService[0;39m | Starting service [Tomcat]
2019-07-24 00:54:31 | [34mINFO [0;39m | [1;33mrestartedMain[0;39m | [1;32morg.apache.catalina.core.StandardEngine[0;39m | Starting Servlet engine: [Apache Tomcat/9.0.21]
2019-07-24 00:54:31 | [34mINFO [0;39m | [1;33mrestartedMain[0;39m | [1;32morg.apache.catalina.core.ContainerBase.[Tomcat].[localhost].[/xq][0;39m | Initializing Spring embedded WebApplicationContext
2019-07-24 00:54:31 | [34mINFO [0;39m | [1;33mrestartedMain[0;39m | [1;32morg.springframework.web.context.ContextLoader[0;39m | Root WebApplicationContext: initialization completed in 3507 ms
2019-07-24 00:54:32 | [34mINFO [0;39m | [1;33mrestartedMain[0;39m | [1;32mcom.xq.util.redis.RedisConfig[0;39m | 自定义RedisCacheManager加载完成
2019-07-24 00:54:33 | [34mINFO [0;39m | [1;33mrestartedMain[0;39m | [1;32morg.springframework.scheduling.concurrent.ThreadPoolTaskExecutor[0;39m | Initializing ExecutorService 'applicationTaskExecutor'
2019-07-24 00:54:34 | [34mINFO [0;39m | [1;33mrestartedMain[0;39m | [1;32morg.springframework.boot.devtools.autoconfigure.OptionalLiveReloadServer[0;39m | LiveReload server is running on port 35729
2019-07-24 00:54:34 | [34mINFO [0;39m | [1;33mrestartedMain[0;39m | [1;32morg.apache.coyote.http11.Http11NioProtocol[0;39m | Starting ProtocolHandler ["http-nio-8888"]
2019-07-24 00:54:34 | [34mINFO [0;39m | [1;33mrestartedMain[0;39m | [1;32morg.springframework.boot.web.embedded.tomcat.TomcatWebServer[0;39m | Tomcat started on port(s): 8888 (http) with context path '/xq'
2019-07-24 00:54:34 | [34mINFO [0;39m | [1;33mrestartedMain[0;39m | [1;32mcom.xq.Demo1Application[0;39m | Started Demo1Application in 9.939 seconds (JVM running for 11.401)
2019-07-24 00:55:00 | [34mINFO [0;39m | [1;33mhttp-nio-8888-exec-1[0;39m | [1;32morg.apache.catalina.core.ContainerBase.[Tomcat].[localhost].[/xq][0;39m | Initializing Spring DispatcherServlet 'dispatcherServlet'
2019-07-24 00:55:00 | [34mINFO [0;39m | [1;33mhttp-nio-8888-exec-1[0;39m | [1;32morg.springframework.web.servlet.DispatcherServlet[0;39m | Initializing Servlet 'dispatcherServlet'
2019-07-24 00:55:00 | [34mINFO [0;39m | [1;33mhttp-nio-8888-exec-1[0;39m | [1;32morg.springframework.web.servlet.DispatcherServlet[0;39m | Completed initialization in 13 ms
2019-07-24 00:55:00 | [34mINFO [0;39m | [1;33mhttp-nio-8888-exec-1[0;39m | [1;32mio.lettuce.core.EpollProvider[0;39m | Starting without optional epoll library
2019-07-24 00:55:00 | [34mINFO [0;39m | [1;33mhttp-nio-8888-exec-1[0;39m | [1;32mio.lettuce.core.KqueueProvider[0;39m | Starting without optional kqueue library
2019-07-24 00:55:36 | [34mINFO [0;39m | [1;33mhttp-nio-8888-exec-4[0;39m | [1;32mcom.alibaba.druid.pool.DruidDataSource[0;39m | {dataSource-1} inited
2019-07-24 00:58:17 | [34mINFO [0;39m | [1;33mThread-9[0;39m | [1;32morg.springframework.scheduling.concurrent.ThreadPoolTaskExecutor[0;39m | Shutting down ExecutorService 'applicationTaskExecutor'
2019-07-24 00:58:19 | [34mINFO [0;39m | [1;33mThread-9[0;39m | [1;32mcom.alibaba.druid.pool.DruidDataSource[0;39m | {dataSource-1} closing ...
2019-07-24 00:58:19 | [34mINFO [0;39m | [1;33mThread-9[0;39m | [1;32mcom.alibaba.druid.pool.DruidDataSource[0;39m | {dataSource-1} closed
2019-07-24 00:58:37 | [34mINFO [0;39m | [1;33mrestartedMain[0;39m | [1;32mcom.xq.Demo1Application[0;39m | Starting Demo1Application on zhangyuexu with PID 994 (/Users/xueqiu/Documents/AlertMonitorSystem/target/classes started by xueqiu in /Users/xueqiu/Documents/AlertMonitorSystem)
2019-07-24 00:58:37 | [34mINFO [0;39m | [1;33mrestartedMain[0;39m | [1;32mcom.xq.Demo1Application[0;39m | The following profiles are active: myapplication.yaml
2019-07-24 00:58:37 | [34mINFO [0;39m | [1;33mrestartedMain[0;39m | [1;32morg.springframework.boot.devtools.env.DevToolsPropertyDefaultsPostProcessor[0;39m | Devtools property defaults active! Set 'spring.devtools.add-properties' to 'false' to disable
2019-07-24 00:58:37 | [34mINFO [0;39m | [1;33mrestartedMain[0;39m | [1;32morg.springframework.boot.devtools.env.DevToolsPropertyDefaultsPostProcessor[0;39m | For additional web related logging consider setting the 'logging.level.web' property to 'DEBUG'
2019-07-24 00:58:39 | [34mINFO [0;39m | [1;33mrestartedMain[0;39m | [1;32morg.springframework.data.repository.config.RepositoryConfigurationDelegate[0;39m | Multiple Spring Data modules found, entering strict repository configuration mode!
2019-07-24 00:58:39 | [34mINFO [0;39m | [1;33mrestartedMain[0;39m | [1;32morg.springframework.data.repository.config.RepositoryConfigurationDelegate[0;39m | Bootstrapping Spring Data repositories in DEFAULT mode.
2019-07-24 00:58:39 | [34mINFO [0;39m | [1;33mrestartedMain[0;39m | [1;32morg.springframework.data.repository.config.RepositoryConfigurationDelegate[0;39m | Finished Spring Data repository scanning in 39ms. Found 0 repository interfaces.
2019-07-24 00:58:39 | [34mINFO [0;39m | [1;33mrestartedMain[0;39m | [1;32morg.springframework.context.support.PostProcessorRegistrationDelegate$BeanPostProcessorChecker[0;39m | Bean 'redisConfig' of type [com.xq.util.redis.RedisConfig$$EnhancerBySpringCGLIB$$adaf1cc9] is not eligible for getting processed by all BeanPostProcessors (for example: not eligible for auto-proxying)
2019-07-24 00:58:39 | [34mINFO [0;39m | [1;33mrestartedMain[0;39m | [1;32morg.springframework.context.support.PostProcessorRegistrationDelegate$BeanPostProcessorChecker[0;39m | Bean 'org.springframework.transaction.annotation.ProxyTransactionManagementConfiguration' of type [org.springframework.transaction.annotation.ProxyTransactionManagementConfiguration$$EnhancerBySpringCGLIB$$28d2609e] is not eligible for getting processed by all BeanPostProcessors (for example: not eligible for auto-proxying)
2019-07-24 00:58:40 | [34mINFO [0;39m | [1;33mrestartedMain[0;39m | [1;32morg.springframework.boot.web.embedded.tomcat.TomcatWebServer[0;39m | Tomcat initialized with port(s): 8888 (http)
2019-07-24 00:58:40 | [34mINFO [0;39m | [1;33mrestartedMain[0;39m | [1;32morg.apache.coyote.http11.Http11NioProtocol[0;39m | Initializing ProtocolHandler ["http-nio-8888"]
2019-07-24 00:58:40 | [34mINFO [0;39m | [1;33mrestartedMain[0;39m | [1;32morg.apache.catalina.core.StandardService[0;39m | Starting service [Tomcat]
2019-07-24 00:58:40 | [34mINFO [0;39m | [1;33mrestartedMain[0;39m | [1;32morg.apache.catalina.core.StandardEngine[0;39m | Starting Servlet engine: [Apache Tomcat/9.0.21]
2019-07-24 00:58:40 | [34mINFO [0;39m | [1;33mrestartedMain[0;39m | [1;32morg.apache.catalina.core.ContainerBase.[Tomcat].[localhost].[/xq][0;39m | Initializing Spring embedded WebApplicationContext
2019-07-24 00:58:40 | [34mINFO [0;39m | [1;33mrestartedMain[0;39m | [1;32morg.springframework.web.context.ContextLoader[0;39m | Root WebApplicationContext: initialization completed in 2986 ms
2019-07-24 00:58:41 | [34mINFO [0;39m | [1;33mrestartedMain[0;39m | [1;32mcom.xq.util.redis.RedisConfig[0;39m | 自定义RedisCacheManager加载完成
2019-07-24 00:58:42 | [34mINFO [0;39m | [1;33mrestartedMain[0;39m | [1;32morg.springframework.scheduling.concurrent.ThreadPoolTaskExecutor[0;39m | Initializing ExecutorService 'applicationTaskExecutor'
2019-07-24 00:58:42 | [34mINFO [0;39m | [1;33mrestartedMain[0;39m | [1;32morg.springframework.boot.devtools.autoconfigure.OptionalLiveReloadServer[0;39m | LiveReload server is running on port 35729
2019-07-24 00:58:43 | [34mINFO [0;39m | [1;33mrestartedMain[0;39m | [1;32morg.apache.coyote.http11.Http11NioProtocol[0;39m | Starting ProtocolHandler ["http-nio-8888"]
2019-07-24 00:58:43 | [34mINFO [0;39m | [1;33mrestartedMain[0;39m | [1;32morg.springframework.boot.web.embedded.tomcat.TomcatWebServer[0;39m | Tomcat started on port(s): 8888 (http) with context path '/xq'
2019-07-24 00:58:43 | [34mINFO [0;39m | [1;33mrestartedMain[0;39m | [1;32mcom.xq.Demo1Application[0;39m | Started Demo1Application in 6.469 seconds (JVM running for 7.384)
2019-07-24 00:58:47 | [34mINFO [0;39m | [1;33mhttp-nio-8888-exec-1[0;39m | [1;32morg.apache.catalina.core.ContainerBase.[Tomcat].[localhost].[/xq][0;39m | Initializing Spring DispatcherServlet 'dispatcherServlet'
2019-07-24 00:58:47 | [34mINFO [0;39m | [1;33mhttp-nio-8888-exec-1[0;39m | [1;32morg.springframework.web.servlet.DispatcherServlet[0;39m | Initializing Servlet 'dispatcherServlet'
2019-07-24 00:58:47 | [34mINFO [0;39m | [1;33mhttp-nio-8888-exec-1[0;39m | [1;32morg.springframework.web.servlet.DispatcherServlet[0;39m | Completed initialization in 11 ms
2019-07-24 00:58:47 | [34mINFO [0;39m | [1;33mhttp-nio-8888-exec-1[0;39m | [1;32mio.lettuce.core.EpollProvider[0;39m | Starting without optional epoll library
2019-07-24 00:58:47 | [34mINFO [0;39m | [1;33mhttp-nio-8888-exec-1[0;39m | [1;32mio.lettuce.core.KqueueProvider[0;39m | Starting without optional kqueue library
2019-07-24 00:58:48 | [34mINFO [0;39m | [1;33mhttp-nio-8888-exec-1[0;39m | [1;32mcom.alibaba.druid.pool.DruidDataSource[0;39m | {dataSource-1} inited
2019-07-24 01:01:07 | [34mINFO [0;39m | [1;33mThread-9[0;39m | [1;32morg.springframework.scheduling.concurrent.ThreadPoolTaskExecutor[0;39m | Shutting down ExecutorService 'applicationTaskExecutor'
2019-07-24 01:01:08 | [34mINFO [0;39m | [1;33mThread-9[0;39m | [1;32mcom.alibaba.druid.pool.DruidDataSource[0;39m | {dataSource-1} closing ...
2019-07-24 01:01:08 | [34mINFO [0;39m | [1;33mThread-9[0;39m | [1;32mcom.alibaba.druid.pool.DruidDataSource[0;39m | {dataSource-1} closed
2019-07-24 01:01:20 | [34mINFO [0;39m | [1;33mrestartedMain[0;39m | [1;32mcom.xq.Demo1Application[0;39m | Starting Demo1Application on zhangyuexu with PID 999 (/Users/xueqiu/Documents/AlertMonitorSystem/target/classes started by xueqiu in /Users/xueqiu/Documents/AlertMonitorSystem)
2019-07-24 01:01:20 | [34mINFO [0;39m | [1;33mrestartedMain[0;39m | [1;32mcom.xq.Demo1Application[0;39m | The following profiles are active: myapplication.yaml
2019-07-24 01:01:21 | [34mINFO [0;39m | [1;33mrestartedMain[0;39m | [1;32morg.springframework.boot.devtools.env.DevToolsPropertyDefaultsPostProcessor[0;39m | Devtools property defaults active! Set 'spring.devtools.add-properties' to 'false' to disable
2019-07-24 01:01:21 | [34mINFO [0;39m | [1;33mrestartedMain[0;39m | [1;32morg.springframework.boot.devtools.env.DevToolsPropertyDefaultsPostProcessor[0;39m | For additional web related logging consider setting the 'logging.level.web' property to 'DEBUG'
2019-07-24 01:01:22 | [34mINFO [0;39m | [1;33mrestartedMain[0;39m | [1;32morg.springframework.data.repository.config.RepositoryConfigurationDelegate[0;39m | Multiple Spring Data modules found, entering strict repository configuration mode!
2019-07-24 01:01:22 | [34mINFO [0;39m | [1;33mrestartedMain[0;39m | [1;32morg.springframework.data.repository.config.RepositoryConfigurationDelegate[0;39m | Bootstrapping Spring Data repositories in DEFAULT mode.
2019-07-24 01:01:22 | [34mINFO [0;39m | [1;33mrestartedMain[0;39m | [1;32morg.springframework.data.repository.config.RepositoryConfigurationDelegate[0;39m | Finished Spring Data repository scanning in 32ms. Found 0 repository interfaces.
2019-07-24 01:01:23 | [34mINFO [0;39m | [1;33mrestartedMain[0;39m | [1;32morg.springframework.context.support.PostProcessorRegistrationDelegate$BeanPostProcessorChecker[0;39m | Bean 'redisConfig' of type [com.xq.util.redis.RedisConfig$$EnhancerBySpringCGLIB$$b5b945ab] is not eligible for getting processed by all BeanPostProcessors (for example: not eligible for auto-proxying)
2019-07-24 01:01:23 | [34mINFO [0;39m | [1;33mrestartedMain[0;39m | [1;32morg.springframework.context.support.PostProcessorRegistrationDelegate$BeanPostProcessorChecker[0;39m | Bean 'org.springframework.transaction.annotation.ProxyTransactionManagementConfiguration' of type [org.springframework.transaction.annotation.ProxyTransactionManagementConfiguration$$EnhancerBySpringCGLIB$$30dc8980] is not eligible for getting processed by all BeanPostProcessors (for example: not eligible for auto-proxying)
2019-07-24 01:01:24 | [34mINFO [0;39m | [1;33mrestartedMain[0;39m | [1;32morg.springframework.boot.web.embedded.tomcat.TomcatWebServer[0;39m | Tomcat initialized with port(s): 8888 (http)
2019-07-24 01:01:24 | [34mINFO [0;39m | [1;33mrestartedMain[0;39m | [1;32morg.apache.coyote.http11.Http11NioProtocol[0;39m | Initializing ProtocolHandler ["http-nio-8888"]
2019-07-24 01:01:24 | [34mINFO [0;39m | [1;33mrestartedMain[0;39m | [1;32morg.apache.catalina.core.StandardService[0;39m | Starting service [Tomcat]
2019-07-24 01:01:24 | [34mINFO [0;39m | [1;33mrestartedMain[0;39m | [1;32morg.apache.catalina.core.StandardEngine[0;39m | Starting Servlet engine: [Apache Tomcat/9.0.21]
2019-07-24 01:01:24 | [34mINFO [0;39m | [1;33mrestartedMain[0;39m | [1;32morg.apache.catalina.core.ContainerBase.[Tomcat].[localhost].[/xq][0;39m | Initializing Spring embedded WebApplicationContext
2019-07-24 01:01:24 | [34mINFO [0;39m | [1;33mrestartedMain[0;39m | [1;32morg.springframework.web.context.ContextLoader[0;39m | Root WebApplicationContext: initialization completed in 3133 ms
2019-07-24 01:01:25 | [34mINFO [0;39m | [1;33mrestartedMain[0;39m | [1;32mcom.xq.util.redis.RedisConfig[0;39m | 自定义RedisCacheManager加载完成
2019-07-24 01:01:25 | [34mINFO [0;39m | [1;33mrestartedMain[0;39m | [1;32morg.springframework.scheduling.concurrent.ThreadPoolTaskExecutor[0;39m | Initializing ExecutorService 'applicationTaskExecutor'
2019-07-24 01:01:26 | [34mINFO [0;39m | [1;33mrestartedMain[0;39m | [1;32morg.springframework.boot.devtools.autoconfigure.OptionalLiveReloadServer[0;39m | LiveReload server is running on port 35729
2019-07-24 01:01:26 | [34mINFO [0;39m | [1;33mrestartedMain[0;39m | [1;32morg.apache.coyote.http11.Http11NioProtocol[0;39m | Starting ProtocolHandler ["http-nio-8888"]
2019-07-24 01:01:26 | [34mINFO [0;39m | [1;33mrestartedMain[0;39m | [1;32morg.springframework.boot.web.embedded.tomcat.TomcatWebServer[0;39m | Tomcat started on port(s): 8888 (http) with context path '/xq'
2019-07-24 01:01:26 | [34mINFO [0;39m | [1;33mrestartedMain[0;39m | [1;32mcom.xq.Demo1Application[0;39m | Started Demo1Application in 7.21 seconds (JVM running for 8.176)
2019-07-24 01:01:29 | [34mINFO [0;39m | [1;33mhttp-nio-8888-exec-1[0;39m | [1;32morg.apache.catalina.core.ContainerBase.[Tomcat].[localhost].[/xq][0;39m | Initializing Spring DispatcherServlet 'dispatcherServlet'
2019-07-24 01:01:29 | [34mINFO [0;39m | [1;33mhttp-nio-8888-exec-1[0;39m | [1;32morg.springframework.web.servlet.DispatcherServlet[0;39m | Initializing Servlet 'dispatcherServlet'
2019-07-24 01:01:29 | [34mINFO [0;39m | [1;33mhttp-nio-8888-exec-1[0;39m | [1;32morg.springframework.web.servlet.DispatcherServlet[0;39m | Completed initialization in 22 ms
2019-07-24 01:01:30 | [34mINFO [0;39m | [1;33mhttp-nio-8888-exec-1[0;39m | [1;32mio.lettuce.core.EpollProvider[0;39m | Starting without optional epoll library
2019-07-24 01:01:30 | [34mINFO [0;39m | [1;33mhttp-nio-8888-exec-1[0;39m | [1;32mio.lettuce.core.KqueueProvider[0;39m | Starting without optional kqueue library
2019-07-24 01:02:21 | [34mINFO [0;39m | [1;33mThread-9[0;39m | [1;32morg.springframework.scheduling.concurrent.ThreadPoolTaskExecutor[0;39m | Shutting down ExecutorService 'applicationTaskExecutor'
2019-07-24 01:02:22 | [34mINFO [0;39m | [1;33mThread-9[0;39m | [1;32mcom.alibaba.druid.pool.DruidDataSource[0;39m | {dataSource-0} closing ...
2019-07-24 01:03:08 | [34mINFO [0;39m | [1;33mrestartedMain[0;39m | [1;32mcom.xq.Demo1Application[0;39m | Starting Demo1Application on zhangyuexu with PID 1003 (/Users/xueqiu/Documents/AlertMonitorSystem/target/classes started by xueqiu in /Users/xueqiu/Documents/AlertMonitorSystem)
2019-07-24 01:03:08 | [34mINFO [0;39m | [1;33mrestartedMain[0;39m | [1;32mcom.xq.Demo1Application[0;39m | The following profiles are active: myapplication.yaml
2019-07-24 01:03:08 | [34mINFO [0;39m | [1;33mrestartedMain[0;39m | [1;32morg.springframework.boot.devtools.env.DevToolsPropertyDefaultsPostProcessor[0;39m | Devtools property defaults active! Set 'spring.devtools.add-properties' to 'false' to disable
2019-07-24 01:03:08 | [34mINFO [0;39m | [1;33mrestartedMain[0;39m | [1;32morg.springframework.boot.devtools.env.DevToolsPropertyDefaultsPostProcessor[0;39m | For additional web related logging consider setting the 'logging.level.web' property to 'DEBUG'
2019-07-24 01:03:10 | [34mINFO [0;39m | [1;33mrestartedMain[0;39m | [1;32morg.springframework.data.repository.config.RepositoryConfigurationDelegate[0;39m | Multiple Spring Data modules found, entering strict repository configuration mode!
2019-07-24 01:03:10 | [34mINFO [0;39m | [1;33mrestartedMain[0;39m | [1;32morg.springframework.data.repository.config.RepositoryConfigurationDelegate[0;39m | Bootstrapping Spring Data repositories in DEFAULT mode.
2019-07-24 01:03:10 | [34mINFO [0;39m | [1;33mrestartedMain[0;39m | [1;32morg.springframework.data.repository.config.RepositoryConfigurationDelegate[0;39m | Finished Spring Data repository scanning in 23ms. Found 0 repository interfaces.
2019-07-24 01:03:11 | [34mINFO [0;39m | [1;33mrestartedMain[0;39m | [1;32morg.springframework.context.support.PostProcessorRegistrationDelegate$BeanPostProcessorChecker[0;39m | Bean 'redisConfig' of type [com.xq.util.redis.RedisConfig$$EnhancerBySpringCGLIB$$37d4d5ee] is not eligible for getting processed by all BeanPostProcessors (for example: not eligible for auto-proxying)
2019-07-24 01:03:11 | [34mINFO [0;39m | [1;33mrestartedMain[0;39m | [1;32morg.springframework.context.support.PostProcessorRegistrationDelegate$BeanPostProcessorChecker[0;39m | Bean 'org.springframework.transaction.annotation.ProxyTransactionManagementConfiguration' of type [org.springframework.transaction.annotation.ProxyTransactionManagementConfiguration$$EnhancerBySpringCGLIB$$b2f819c3] is not eligible for getting processed by all BeanPostProcessors (for example: not eligible for auto-proxying)
2019-07-24 01:03:11 | [34mINFO [0;39m | [1;33mrestartedMain[0;39m | [1;32morg.springframework.boot.web.embedded.tomcat.TomcatWebServer[0;39m | Tomcat initialized with port(s): 8888 (http)
2019-07-24 01:03:11 | [34mINFO [0;39m | [1;33mrestartedMain[0;39m | [1;32morg.apache.coyote.http11.Http11NioProtocol[0;39m | Initializing ProtocolHandler ["http-nio-8888"]
2019-07-24 01:03:11 | [34mINFO [0;39m | [1;33mrestartedMain[0;39m | [1;32morg.apache.catalina.core.StandardService[0;39m | Starting service [Tomcat]
2019-07-24 01:03:11 | [34mINFO [0;39m | [1;33mrestartedMain[0;39m | [1;32morg.apache.catalina.core.StandardEngine[0;39m | Starting Servlet engine: [Apache Tomcat/9.0.21]
2019-07-24 01:03:12 | [34mINFO [0;39m | [1;33mrestartedMain[0;39m | [1;32morg.apache.catalina.core.ContainerBase.[Tomcat].[localhost].[/xq][0;39m | Initializing Spring embedded WebApplicationContext
2019-07-24 01:03:12 | [34mINFO [0;39m | [1;33mrestartedMain[0;39m | [1;32morg.springframework.web.context.ContextLoader[0;39m | Root WebApplicationContext: initialization completed in 3253 ms
2019-07-24 01:03:13 | [34mINFO [0;39m | [1;33mrestartedMain[0;39m | [1;32mcom.xq.util.redis.RedisConfig[0;39m | 自定义RedisCacheManager加载完成
2019-07-24 01:03:14 | [34mINFO [0;39m | [1;33mrestartedMain[0;39m | [1;32morg.springframework.scheduling.concurrent.ThreadPoolTaskExecutor[0;39m | Initializing ExecutorService 'applicationTaskExecutor'
2019-07-24 01:03:15 | [34mINFO [0;39m | [1;33mrestartedMain[0;39m | [1;32morg.springframework.boot.devtools.autoconfigure.OptionalLiveReloadServer[0;39m | LiveReload server is running on port 35729
2019-07-24 01:03:15 | [34mINFO [0;39m | [1;33mrestartedMain[0;39m | [1;32morg.apache.coyote.http11.Http11NioProtocol[0;39m | Starting ProtocolHandler ["http-nio-8888"]
2019-07-24 01:03:15 | [34mINFO [0;39m | [1;33mrestartedMain[0;39m | [1;32morg.springframework.boot.web.embedded.tomcat.TomcatWebServer[0;39m | Tomcat started on port(s): 8888 (http) with context path '/xq'
2019-07-24 01:03:15 | [34mINFO [0;39m | [1;33mrestartedMain[0;39m | [1;32mcom.xq.Demo1Application[0;39m | Started Demo1Application in 8.17 seconds (JVM running for 8.932)
2019-07-24 01:03:19 | [34mINFO [0;39m | [1;33mhttp-nio-8888-exec-1[0;39m | [1;32morg.apache.catalina.core.ContainerBase.[Tomcat].[localhost].[/xq][0;39m | Initializing Spring DispatcherServlet 'dispatcherServlet'
2019-07-24 01:03:19 | [34mINFO [0;39m | [1;33mhttp-nio-8888-exec-1[0;39m | [1;32morg.springframework.web.servlet.DispatcherServlet[0;39m | Initializing Servlet 'dispatcherServlet'
2019-07-24 01:03:19 | [34mINFO [0;39m | [1;33mhttp-nio-8888-exec-1[0;39m | [1;32morg.springframework.web.servlet.DispatcherServlet[0;39m | Completed initialization in 22 ms
2019-07-24 01:03:19 | [34mINFO [0;39m | [1;33mhttp-nio-8888-exec-1[0;39m | [1;32mio.lettuce.core.EpollProvider[0;39m | Starting without optional epoll library
2019-07-24 01:03:19 | [34mINFO [0;39m | [1;33mhttp-nio-8888-exec-1[0;39m | [1;32mio.lettuce.core.KqueueProvider[0;39m | Starting without optional kqueue library
2019-07-24 01:03:19 | [34mINFO [0;39m | [1;33mhttp-nio-8888-exec-1[0;39m | [1;32mcom.alibaba.druid.pool.DruidDataSource[0;39m | {dataSource-1} inited
2019-07-24 01:03:54 | [34mINFO [0;39m | [1;33mThread-9[0;39m | [1;32morg.springframework.scheduling.concurrent.ThreadPoolTaskExecutor[0;39m | Shutting down ExecutorService 'applicationTaskExecutor'
2019-07-24 01:03:55 | [34mINFO [0;39m | [1;33mThread-9[0;39m | [1;32mcom.alibaba.druid.pool.DruidDataSource[0;39m | {dataSource-1} closing ...
2019-07-24 01:03:55 | [34mINFO [0;39m | [1;33mThread-9[0;39m | [1;32mcom.alibaba.druid.pool.DruidDataSource[0;39m | {dataSource-1} closed
2019-07-24 01:04:05 | [34mINFO [0;39m | [1;33mrestartedMain[0;39m | [1;32mcom.xq.Demo1Application[0;39m | Starting Demo1Application on zhangyuexu with PID 1007 (/Users/xueqiu/Documents/AlertMonitorSystem/target/classes started by xueqiu in /Users/xueqiu/Documents/AlertMonitorSystem)
2019-07-24 01:04:05 | [34mINFO [0;39m | [1;33mrestartedMain[0;39m | [1;32mcom.xq.Demo1Application[0;39m | The following profiles are active: myapplication.yaml
2019-07-24 01:04:05 | [34mINFO [0;39m | [1;33mrestartedMain[0;39m | [1;32morg.springframework.boot.devtools.env.DevToolsPropertyDefaultsPostProcessor[0;39m | Devtools property defaults active! Set 'spring.devtools.add-properties' to 'false' to disable
2019-07-24 01:04:05 | [34mINFO [0;39m | [1;33mrestartedMain[0;39m | [1;32morg.springframework.boot.devtools.env.DevToolsPropertyDefaultsPostProcessor[0;39m | For additional web related logging consider setting the 'logging.level.web' property to 'DEBUG'
2019-07-24 01:04:07 | [34mINFO [0;39m | [1;33mrestartedMain[0;39m | [1;32morg.springframework.data.repository.config.RepositoryConfigurationDelegate[0;39m | Multiple Spring Data modules found, entering strict repository configuration mode!
2019-07-24 01:04:07 | [34mINFO [0;39m | [1;33mrestartedMain[0;39m | [1;32morg.springframework.data.repository.config.RepositoryConfigurationDelegate[0;39m | Bootstrapping Spring Data repositories in DEFAULT mode.
2019-07-24 01:04:07 | [34mINFO [0;39m | [1;33mrestartedMain[0;39m | [1;32morg.springframework.data.repository.config.RepositoryConfigurationDelegate[0;39m | Finished Spring Data repository scanning in 65ms. Found 0 repository interfaces.
2019-07-24 01:04:08 | [34mINFO [0;39m | [1;33mrestartedMain[0;39m | [1;32morg.springframework.context.support.PostProcessorRegistrationDelegate$BeanPostProcessorChecker[0;39m | Bean 'redisConfig' of type [com.xq.util.redis.RedisConfig$$EnhancerBySpringCGLIB$$e60c9dda] is not eligible for getting processed by all BeanPostProcessors (for example: not eligible for auto-proxying)
2019-07-24 01:04:08 | [34mINFO [0;39m | [1;33mrestartedMain[0;39m | [1;32morg.springframework.context.support.PostProcessorRegistrationDelegate$BeanPostProcessorChecker[0;39m | Bean 'org.springframework.transaction.annotation.ProxyTransactionManagementConfiguration' of type [org.springframework.transaction.annotation.ProxyTransactionManagementConfiguration$$EnhancerBySpringCGLIB$$612fe1af] is not eligible for getting processed by all BeanPostProcessors (for example: not eligible for auto-proxying)
2019-07-24 01:04:09 | [34mINFO [0;39m | [1;33mrestartedMain[0;39m | [1;32morg.springframework.boot.web.embedded.tomcat.TomcatWebServer[0;39m | Tomcat initialized with port(s): 8888 (http)
2019-07-24 01:04:09 | [34mINFO [0;39m | [1;33mrestartedMain[0;39m | [1;32morg.apache.coyote.http11.Http11NioProtocol[0;39m | Initializing ProtocolHandler ["http-nio-8888"]
2019-07-24 01:04:09 | [34mINFO [0;39m | [1;33mrestartedMain[0;39m | [1;32morg.apache.catalina.core.StandardService[0;39m | Starting service [Tomcat]
2019-07-24 01:04:09 | [34mINFO [0;39m | [1;33mrestartedMain[0;39m | [1;32morg.apache.catalina.core.StandardEngine[0;39m | Starting Servlet engine: [Apache Tomcat/9.0.21]
2019-07-24 01:04:09 | [34mINFO [0;39m | [1;33mrestartedMain[0;39m | [1;32morg.apache.catalina.core.ContainerBase.[Tomcat].[localhost].[/xq][0;39m | Initializing Spring embedded WebApplicationContext
2019-07-24 01:04:09 | [34mINFO [0;39m | [1;33mrestartedMain[0;39m | [1;32morg.springframework.web.context.ContextLoader[0;39m | Root WebApplicationContext: initialization completed in 4191 ms
2019-07-24 01:04:11 | [34mINFO [0;39m | [1;33mrestartedMain[0;39m | [1;32mcom.xq.util.redis.RedisConfig[0;39m | 自定义RedisCacheManager加载完成
2019-07-24 01:04:11 | [34mINFO [0;39m | [1;33mrestartedMain[0;39m | [1;32morg.springframework.scheduling.concurrent.ThreadPoolTaskExecutor[0;39m | Initializing ExecutorService 'applicationTaskExecutor'
2019-07-24 01:04:12 | [34mINFO [0;39m | [1;33mrestartedMain[0;39m | [1;32morg.springframework.boot.devtools.autoconfigure.OptionalLiveReloadServer[0;39m | LiveReload server is running on port 35729
2019-07-24 01:04:12 | [34mINFO [0;39m | [1;33mrestartedMain[0;39m | [1;32morg.apache.coyote.http11.Http11NioProtocol[0;39m | Starting ProtocolHandler ["http-nio-8888"]
2019-07-24 01:04:12 | [34mINFO [0;39m | [1;33mrestartedMain[0;39m | [1;32morg.springframework.boot.web.embedded.tomcat.TomcatWebServer[0;39m | Tomcat started on port(s): 8888 (http) with context path '/xq'
2019-07-24 01:04:12 | [34mINFO [0;39m | [1;33mrestartedMain[0;39m | [1;32mcom.xq.Demo1Application[0;39m | Started Demo1Application in 8.235 seconds (JVM running for 8.954)
2019-07-24 01:04:15 | [34mINFO [0;39m | [1;33mhttp-nio-8888-exec-1[0;39m | [1;32morg.apache.catalina.core.ContainerBase.[Tomcat].[localhost].[/xq][0;39m | Initializing Spring DispatcherServlet 'dispatcherServlet'
2019-07-24 01:04:15 | [34mINFO [0;39m | [1;33mhttp-nio-8888-exec-1[0;39m | [1;32morg.springframework.web.servlet.DispatcherServlet[0;39m | Initializing Servlet 'dispatcherServlet'
2019-07-24 01:04:15 | [34mINFO [0;39m | [1;33mhttp-nio-8888-exec-1[0;39m | [1;32morg.springframework.web.servlet.DispatcherServlet[0;39m | Completed initialization in 11 ms
2019-07-24 01:04:16 | [34mINFO [0;39m | [1;33mhttp-nio-8888-exec-1[0;39m | [1;32mio.lettuce.core.EpollProvider[0;39m | Starting without optional epoll library
2019-07-24 01:04:16 | [34mINFO [0;39m | [1;33mhttp-nio-8888-exec-1[0;39m | [1;32mio.lettuce.core.KqueueProvider[0;39m | Starting without optional kqueue library
2019-07-24 01:05:32 | [34mINFO [0;39m | [1;33mThread-9[0;39m | [1;32morg.springframework.scheduling.concurrent.ThreadPoolTaskExecutor[0;39m | Shutting down ExecutorService 'applicationTaskExecutor'
2019-07-24 01:05:33 | [34mINFO [0;39m | [1;33mThread-9[0;39m | [1;32mcom.alibaba.druid.pool.DruidDataSource[0;39m | {dataSource-0} closing ...
